Requesting https://nrm.dfg.ca.gov/FileHandler.ashx?DocumentID=76424
Destination is /opt/vessel-data-scraper/vessel.pdf
Status code is 200, saving...
Saved !
Converting images ...
Processing 302 pages
Saving to /opt/vessel-data-scraper/vessel-data.csv
Opening vessel0004-278.jpg
Row 1, Cropping y=550
OCR returned: Company , Vessel , IMO 
Row 2, Cropping y=625
OCR returned: Company , Vessel , IMO 
Row 3, Cropping y=700
OCR returned: Company , Vessel , IMO 
Row 4, Cropping y=775
OCR returned: Company , Vessel , IMO 
Row 5, Cropping y=850
OCR returned: Company , Vessel , IMO 
Row 6, Cropping y=925
OCR returned: Company , Vessel , IMO 
Row 7, Cropping y=1000
OCR returned: Company , Vessel , IMO 
Row 8, Cropping y=1075
OCR returned: Company , Vessel , IMO 
Row 9, Cropping y=1150
OCR returned: Company , Vessel , IMO 
Row 10, Cropping y=1225
OCR returned: Company , Vessel , IMO 
Row 11, Cropping y=1300
OCR returned: Company , Vessel , IMO 
Row 12, Cropping y=1375
OCR returned: Company , Vessel , IMO 
Row 13, Cropping y=1450
OCR returned: Company , Vessel , IMO 
Row 14, Cropping y=1525
OCR returned: Company , Vessel , IMO 
Row 15, Cropping y=1600
OCR returned: Company , Vessel , IMO 
Row 16, Cropping y=1675
OCR returned: Company , Vessel , IMO 
Row 17, Cropping y=1750
OCR returned: Company , Vessel , IMO 
Row 18, Cropping y=1825
OCR returned: Company , Vessel , IMO 
Row 19, Cropping y=1900
OCR returned: Company , Vessel , IMO 
Row 20, Cropping y=1975
OCR returned: Company , Vessel , IMO 
Row 21, Cropping y=2050
OCR returned: Company , Vessel , IMO 
Row 22, Cropping y=2125
OCR returned: Company , Vessel , IMO 
Row 23, Cropping y=2200
OCR returned: Company , Vessel , IMO 
Row 24, Cropping y=2275
OCR returned: Company , Vessel , IMO 
Opening vessel0002-140.jpg
Row 25, Cropping y=550
OCR returned: Company , Vessel , IMO 
Row 26, Cropping y=625
OCR returned: Company , Vessel , IMO 
Row 27, Cropping y=700
OCR returned: Company , Vessel , IMO 
Row 28, Cropping y=775
OCR returned: Company , Vessel , IMO 
Row 29, Cropping y=850
OCR returned: Company , Vessel , IMO 
Row 30, Cropping y=925
OCR returned: Company , Vessel , IMO 
Row 31, Cropping y=1000
OCR returned: Company , Vessel , IMO 
Row 32, Cropping y=1075
OCR returned: Company , Vessel , IMO 
Row 33, Cropping y=1150
OCR returned: Company , Vessel , IMO 
Row 34, Cropping y=1225
OCR returned: Company , Vessel , IMO 
Row 35, Cropping y=1300
OCR returned: Company , Vessel , IMO 
Row 36, Cropping y=1375
OCR returned: Company , Vessel , IMO 
Row 37, Cropping y=1450
OCR returned: Company , Vessel , IMO 
Row 38, Cropping y=1525
OCR returned: Company , Vessel , IMO 
Row 39, Cropping y=1600
OCR returned: Company , Vessel , IMO 
Row 40, Cropping y=1675
OCR returned: Company , Vessel , IMO 
Row 41, Cropping y=1750
OCR returned: Company , Vessel , IMO 
Row 42, Cropping y=1825
OCR returned: Company , Vessel , IMO 
Row 43, Cropping y=1900
OCR returned: Company , Vessel , IMO 
Row 44, Cropping y=1975
OCR returned: Company , Vessel , IMO 
Row 45, Cropping y=2050
OCR returned: Company , Vessel , IMO 
Row 46, Cropping y=2125
OCR returned: Company , Vessel , IMO 
Row 47, Cropping y=2200
OCR returned: Company , Vessel , IMO 
Row 48, Cropping y=2275
OCR returned: Company , Vessel , IMO 
Opening vessel0003-201.jpg
Row 49, Cropping y=550
OCR returned: Company , Vessel , IMO 
Row 50, Cropping y=625
OCR returned: Company , Vessel , IMO 
Row 51, Cropping y=700
OCR returned: Company , Vessel , IMO 
Row 52, Cropping y=775
OCR returned: Company , Vessel , IMO 
Row 53, Cropping y=850
OCR returned: Company , Vessel , IMO 
Row 54, Cropping y=925
OCR returned: Company , Vessel , IMO 
Row 55, Cropping y=1000
OCR returned: Company , Vessel , IMO 
Row 56, Cropping y=1075
OCR returned: Company , Vessel , IMO 
Row 57, Cropping y=1150
OCR returned: Company , Vessel , IMO 
Row 58, Cropping y=1225
OCR returned: Company , Vessel , IMO 
Row 59, Cropping y=1300
OCR returned: Company , Vessel , IMO 
Row 60, Cropping y=1375
OCR returned: Company , Vessel , IMO 
Row 61, Cropping y=1450
OCR returned: Company , Vessel , IMO 
Row 62, Cropping y=1525
OCR returned: Company , Vessel , IMO 
Row 63, Cropping y=1600
OCR returned: Company , Vessel , IMO 
Row 64, Cropping y=1675
OCR returned: Company , Vessel , IMO 
Row 65, Cropping y=1750
OCR returned: Company , Vessel , IMO 
Row 66, Cropping y=1825
OCR returned: Company , Vessel , IMO 
Row 67, Cropping y=1900
OCR returned: Company , Vessel , IMO 
Row 68, Cropping y=1975
OCR returned: Company , Vessel , IMO 
Row 69, Cropping y=2050
OCR returned: Company , Vessel , IMO 
Row 70, Cropping y=2125
OCR returned: Company , Vessel , IMO 
Row 71, Cropping y=2200
OCR returned: Company , Vessel , IMO 
Row 72, Cropping y=2275
OCR returned: Company , Vessel , IMO 
Opening vessel0002-139.jpg
Row 73, Cropping y=550
OCR returned: Company , Vessel , IMO 
Row 74, Cropping y=625
OCR returned: Company , Vessel , IMO 
Row 75, Cropping y=700
OCR returned: Company , Vessel , IMO 
Row 76, Cropping y=775
OCR returned: Company , Vessel , IMO 
Row 77, Cropping y=850
OCR returned: Company , Vessel , IMO 
Row 78, Cropping y=925
OCR returned: Company , Vessel , IMO 
Row 79, Cropping y=1000
OCR returned: Company , Vessel , IMO 
Row 80, Cropping y=1075
OCR returned: Company , Vessel , IMO 
Row 81, Cropping y=1150
OCR returned: Company , Vessel , IMO 
Row 82, Cropping y=1225
OCR returned: Company , Vessel , IMO 
Row 83, Cropping y=1300
OCR returned: Company , Vessel , IMO 
Row 84, Cropping y=1375
OCR returned: Company , Vessel , IMO 
Row 85, Cropping y=1450
OCR returned: Company , Vessel , IMO 
Row 86, Cropping y=1525
OCR returned: Company , Vessel , IMO 
Row 87, Cropping y=1600
OCR returned: Company , Vessel , IMO 
Row 88, Cropping y=1675
OCR returned: Company , Vessel , IMO 
Row 89, Cropping y=1750
OCR returned: Company , Vessel , IMO 
Row 90, Cropping y=1825
OCR returned: Company , Vessel , IMO 
Row 91, Cropping y=1900
OCR returned: Company , Vessel , IMO 
Row 92, Cropping y=1975
OCR returned: Company , Vessel , IMO 
Row 93, Cropping y=2050
OCR returned: Company , Vessel , IMO 
Row 94, Cropping y=2125
OCR returned: Company , Vessel , IMO 
Row 95, Cropping y=2200
OCR returned: Company , Vessel , IMO 
Row 96, Cropping y=2275
OCR returned: Company , Vessel , IMO 
Opening vessel0001-040.jpg
Row 97, Cropping y=550
OCR returned: Company , Vessel , IMO 
Row 98, Cropping y=625
OCR returned: Company , Vessel , IMO 
Row 99, Cropping y=700
OCR returned: Company , Vessel , IMO 
Row 100, Cropping y=775
OCR returned: Company , Vessel , IMO 
Row 101, Cropping y=850
OCR returned: Company , Vessel , IMO 
Row 102, Cropping y=925
OCR returned: Company , Vessel , IMO 
Row 103, Cropping y=1000
OCR returned: Company , Vessel , IMO 
Row 104, Cropping y=1075
OCR returned: Company , Vessel , IMO 
Row 105, Cropping y=1150
OCR returned: Company , Vessel , IMO 
Row 106, Cropping y=1225
OCR returned: Company , Vessel , IMO 
Row 107, Cropping y=1300
OCR returned: Company , Vessel , IMO 
Row 108, Cropping y=1375
OCR returned: Company , Vessel , IMO 
Row 109, Cropping y=1450
OCR returned: Company , Vessel , IMO 
Row 110, Cropping y=1525
OCR returned: Company , Vessel , IMO 
Row 111, Cropping y=1600
OCR returned: Company , Vessel , IMO 
Row 112, Cropping y=1675
OCR returned: Company , Vessel , IMO 
Row 113, Cropping y=1750
OCR returned: Company , Vessel , IMO 
Row 114, Cropping y=1825
OCR returned: Company , Vessel , IMO 
Row 115, Cropping y=1900
OCR returned: Company , Vessel , IMO 
Row 116, Cropping y=1975
OCR returned: Company , Vessel , IMO 
Row 117, Cropping y=2050
OCR returned: Company , Vessel , IMO 
Row 118, Cropping y=2125
OCR returned: Company , Vessel , IMO 
Row 119, Cropping y=2200
OCR returned: Company , Vessel , IMO 
Row 120, Cropping y=2275
OCR returned: Company , Vessel , IMO 
Opening vessel0004-262.jpg
Row 121, Cropping y=550
OCR returned: Company , Vessel , IMO 
Row 122, Cropping y=625
OCR returned: Company , Vessel , IMO 
Row 123, Cropping y=700
OCR returned: Company , Vessel , IMO 
Row 124, Cropping y=775
OCR returned: Company , Vessel , IMO 
Row 125, Cropping y=850
OCR returned: Company , Vessel , IMO 
Row 126, Cropping y=925
OCR returned: Company , Vessel , IMO 
Row 127, Cropping y=1000
OCR returned: Company , Vessel , IMO 
Row 128, Cropping y=1075
OCR returned: Company , Vessel , IMO 
Row 129, Cropping y=1150
OCR returned: Company , Vessel , IMO 
Row 130, Cropping y=1225
OCR returned: Company , Vessel , IMO 
Row 131, Cropping y=1300
OCR returned: Company , Vessel , IMO 
Row 132, Cropping y=1375
OCR returned: Company , Vessel , IMO 
Row 133, Cropping y=1450
OCR returned: Company , Vessel , IMO 
Row 134, Cropping y=1525
OCR returned: Company , Vessel , IMO 
Row 135, Cropping y=1600
OCR returned: Company , Vessel , IMO 
Row 136, Cropping y=1675
OCR returned: Company , Vessel , IMO 
Row 137, Cropping y=1750
OCR returned: Company , Vessel , IMO 
Row 138, Cropping y=1825
OCR returned: Company , Vessel , IMO 
Row 139, Cropping y=1900
OCR returned: Company , Vessel , IMO 
Row 140, Cropping y=1975
OCR returned: Company , Vessel , IMO 
Row 141, Cropping y=2050
OCR returned: Company , Vessel , IMO 
Row 142, Cropping y=2125
OCR returned: Company , Vessel , IMO 
Row 143, Cropping y=2200
OCR returned: Company , Vessel , IMO 
Row 144, Cropping y=2275
OCR returned: Company , Vessel , IMO 
Opening vessel0002-145.jpg
Row 145, Cropping y=550
OCR returned: Company , Vessel , IMO 
Row 146, Cropping y=625
OCR returned: Company , Vessel , IMO 
Row 147, Cropping y=700
OCR returned: Company , Vessel , IMO 
Row 148, Cropping y=775
OCR returned: Company , Vessel , IMO 
Row 149, Cropping y=850
OCR returned: Company , Vessel , IMO 
Row 150, Cropping y=925
OCR returned: Company , Vessel , IMO 
Row 151, Cropping y=1000
OCR returned: Company , Vessel , IMO 
Row 152, Cropping y=1075
OCR returned: Company , Vessel , IMO 
Row 153, Cropping y=1150
OCR returned: Company , Vessel , IMO 
Row 154, Cropping y=1225
OCR returned: Company , Vessel , IMO 
Row 155, Cropping y=1300
OCR returned: Company , Vessel , IMO 
Row 156, Cropping y=1375
OCR returned: Company , Vessel , IMO 
Row 157, Cropping y=1450
OCR returned: Company , Vessel , IMO 
Row 158, Cropping y=1525
OCR returned: Company , Vessel , IMO 
Row 159, Cropping y=1600
OCR returned: Company , Vessel , IMO 
Row 160, Cropping y=1675
OCR returned: Company , Vessel , IMO 
Row 161, Cropping y=1750
OCR returned: Company , Vessel , IMO 
Row 162, Cropping y=1825
OCR returned: Company , Vessel , IMO 
Row 163, Cropping y=1900
OCR returned: Company , Vessel , IMO 
Row 164, Cropping y=1975
OCR returned: Company , Vessel , IMO 
Row 165, Cropping y=2050
OCR returned: Company , Vessel , IMO 
Row 166, Cropping y=2125
OCR returned: Company , Vessel , IMO 
Row 167, Cropping y=2200
OCR returned: Company , Vessel , IMO 
Row 168, Cropping y=2275
OCR returned: Company , Vessel , IMO 
Opening vessel0004-251.jpg
Row 169, Cropping y=550
OCR returned: Company , Vessel , IMO 
Row 170, Cropping y=625
OCR returned: Company , Vessel , IMO 
Row 171, Cropping y=700
OCR returned: Company , Vessel , IMO 
Row 172, Cropping y=775
OCR returned: Company , Vessel , IMO 
Row 173, Cropping y=850
OCR returned: Company , Vessel , IMO 
Row 174, Cropping y=925
OCR returned: Company , Vessel , IMO 
Row 175, Cropping y=1000
OCR returned: Company , Vessel , IMO 
Row 176, Cropping y=1075
OCR returned: Company , Vessel , IMO 
Row 177, Cropping y=1150
OCR returned: Company , Vessel , IMO 
Row 178, Cropping y=1225
OCR returned: Company , Vessel , IMO 
Row 179, Cropping y=1300
OCR returned: Company , Vessel , IMO 
Row 180, Cropping y=1375
OCR returned: Company , Vessel , IMO 
Row 181, Cropping y=1450
OCR returned: Company , Vessel , IMO 
Row 182, Cropping y=1525
OCR returned: Company , Vessel , IMO 
Row 183, Cropping y=1600
OCR returned: Company , Vessel , IMO 
Row 184, Cropping y=1675
OCR returned: Company , Vessel , IMO 
Row 185, Cropping y=1750
OCR returned: Company , Vessel , IMO 
Row 186, Cropping y=1825
OCR returned: Company , Vessel , IMO 
Row 187, Cropping y=1900
OCR returned: Company , Vessel , IMO 
Row 188, Cropping y=1975
OCR returned: Company , Vessel , IMO 
Row 189, Cropping y=2050
OCR returned: Company , Vessel , IMO 
Row 190, Cropping y=2125
OCR returned: Company , Vessel , IMO 
Row 191, Cropping y=2200
OCR returned: Company , Vessel , IMO 
Row 192, Cropping y=2275
OCR returned: Company , Vessel , IMO 
Opening vessel0002-137.jpg
Row 193, Cropping y=550
OCR returned: Company , Vessel , IMO 
Row 194, Cropping y=625
OCR returned: Company , Vessel , IMO 
Row 195, Cropping y=700
OCR returned: Company , Vessel , IMO 
Row 196, Cropping y=775
OCR returned: Company , Vessel , IMO 
Row 197, Cropping y=850
OCR returned: Company , Vessel , IMO 
Row 198, Cropping y=925
OCR returned: Company , Vessel , IMO 
Row 199, Cropping y=1000
OCR returned: Company , Vessel , IMO 
Row 200, Cropping y=1075
OCR returned: Company , Vessel , IMO 
Row 201, Cropping y=1150
OCR returned: Company , Vessel , IMO 
Row 202, Cropping y=1225
OCR returned: Company , Vessel , IMO 
Row 203, Cropping y=1300
OCR returned: Company , Vessel , IMO 
Row 204, Cropping y=1375
OCR returned: Company , Vessel , IMO 
Row 205, Cropping y=1450
OCR returned: Company , Vessel , IMO 
Row 206, Cropping y=1525
OCR returned: Company , Vessel , IMO 
Row 207, Cropping y=1600
OCR returned: Company , Vessel , IMO 
Row 208, Cropping y=1675
OCR returned: Company , Vessel , IMO 
Row 209, Cropping y=1750
OCR returned: Company , Vessel , IMO 
Row 210, Cropping y=1825
OCR returned: Company , Vessel , IMO 
Row 211, Cropping y=1900
OCR returned: Company , Vessel , IMO 
Row 212, Cropping y=1975
OCR returned: Company , Vessel , IMO 
Row 213, Cropping y=2050
OCR returned: Company , Vessel , IMO 
Row 214, Cropping y=2125
OCR returned: Company , Vessel , IMO 
Row 215, Cropping y=2200
OCR returned: Company , Vessel , IMO 
Row 216, Cropping y=2275
OCR returned: Company , Vessel , IMO 
Opening vessel0003-221.jpg
Row 217, Cropping y=550
OCR returned: Company , Vessel , IMO 
Row 218, Cropping y=625
OCR returned: Company , Vessel , IMO 
Row 219, Cropping y=700
OCR returned: Company , Vessel , IMO 
Row 220, Cropping y=775
OCR returned: Company , Vessel , IMO 
Row 221, Cropping y=850
OCR returned: Company , Vessel , IMO 
Row 222, Cropping y=925
OCR returned: Company , Vessel , IMO 
Row 223, Cropping y=1000
OCR returned: Company , Vessel , IMO 
Row 224, Cropping y=1075
OCR returned: Company , Vessel , IMO 
Row 225, Cropping y=1150
OCR returned: Company , Vessel , IMO 
Row 226, Cropping y=1225
OCR returned: Company , Vessel , IMO 
Row 227, Cropping y=1300
OCR returned: Company , Vessel , IMO 
Row 228, Cropping y=1375
OCR returned: Company , Vessel , IMO 
Row 229, Cropping y=1450
OCR returned: Company , Vessel , IMO 
Row 230, Cropping y=1525
OCR returned: Company , Vessel , IMO 
Row 231, Cropping y=1600
OCR returned: Company , Vessel , IMO 
Row 232, Cropping y=1675
OCR returned: Company , Vessel , IMO 
Row 233, Cropping y=1750
OCR returned: Company , Vessel , IMO 
Row 234, Cropping y=1825
OCR returned: Company , Vessel , IMO 
Row 235, Cropping y=1900
OCR returned: Company , Vessel , IMO 
Row 236, Cropping y=1975
OCR returned: Company , Vessel , IMO 
Row 237, Cropping y=2050
OCR returned: Company , Vessel , IMO 
Row 238, Cropping y=2125
OCR returned: Company , Vessel , IMO 
Row 239, Cropping y=2200
OCR returned: Company , Vessel , IMO 
Row 240, Cropping y=2275
OCR returned: Company , Vessel , IMO 
Opening vessel0002-091.jpg
Row 241, Cropping y=550
OCR returned: Company , Vessel , IMO 
Row 242, Cropping y=625
OCR returned: Company , Vessel , IMO 
Row 243, Cropping y=700
OCR returned: Company , Vessel , IMO 
Row 244, Cropping y=775
OCR returned: Company , Vessel , IMO 
Row 245, Cropping y=850
OCR returned: Company , Vessel , IMO 
Row 246, Cropping y=925
OCR returned: Company , Vessel , IMO 
Row 247, Cropping y=1000
OCR returned: Company , Vessel , IMO 
Row 248, Cropping y=1075
OCR returned: Company , Vessel , IMO 
Row 249, Cropping y=1150
OCR returned: Company , Vessel , IMO 
Row 250, Cropping y=1225
OCR returned: Company , Vessel , IMO 
Row 251, Cropping y=1300
OCR returned: Company , Vessel , IMO 
Row 252, Cropping y=1375
OCR returned: Company , Vessel , IMO 
Row 253, Cropping y=1450
OCR returned: Company , Vessel , IMO 
Row 254, Cropping y=1525
OCR returned: Company , Vessel , IMO 
Row 255, Cropping y=1600
OCR returned: Company , Vessel , IMO 
Row 256, Cropping y=1675
OCR returned: Company , Vessel , IMO 
Row 257, Cropping y=1750
OCR returned: Company , Vessel , IMO 
Row 258, Cropping y=1825
OCR returned: Company , Vessel , IMO 
Row 259, Cropping y=1900
OCR returned: Company , Vessel , IMO 
Row 260, Cropping y=1975
OCR returned: Company , Vessel , IMO 
Row 261, Cropping y=2050
OCR returned: Company , Vessel , IMO 
Row 262, Cropping y=2125
OCR returned: Company , Vessel , IMO 
Row 263, Cropping y=2200
OCR returned: Company , Vessel , IMO 
Row 264, Cropping y=2275
OCR returned: Company , Vessel , IMO 
Opening vessel0003-202.jpg
Row 265, Cropping y=550
OCR returned: Company , Vessel , IMO 
Row 266, Cropping y=625
OCR returned: Company , Vessel , IMO 
Row 267, Cropping y=700
OCR returned: Company , Vessel , IMO 
Row 268, Cropping y=775
OCR returned: Company , Vessel , IMO 
Row 269, Cropping y=850
OCR returned: Company , Vessel , IMO 
Row 270, Cropping y=925
OCR returned: Company , Vessel , IMO 
Row 271, Cropping y=1000
OCR returned: Company , Vessel , IMO 
Row 272, Cropping y=1075
OCR returned: Company , Vessel , IMO 
Row 273, Cropping y=1150
OCR returned: Company , Vessel , IMO 
Row 274, Cropping y=1225
OCR returned: Company , Vessel , IMO 
Row 275, Cropping y=1300
OCR returned: Company , Vessel , IMO 
Row 276, Cropping y=1375
OCR returned: Company , Vessel , IMO 
Row 277, Cropping y=1450
OCR returned: Company , Vessel , IMO 
Row 278, Cropping y=1525
OCR returned: Company , Vessel , IMO 
Row 279, Cropping y=1600
OCR returned: Company , Vessel , IMO 
Row 280, Cropping y=1675
OCR returned: Company , Vessel , IMO 
Row 281, Cropping y=1750
OCR returned: Company , Vessel , IMO 
Row 282, Cropping y=1825
OCR returned: Company , Vessel , IMO 
Row 283, Cropping y=1900
OCR returned: Company , Vessel , IMO 
Row 284, Cropping y=1975
OCR returned: Company , Vessel , IMO 
Row 285, Cropping y=2050
OCR returned: Company , Vessel , IMO 
Row 286, Cropping y=2125
OCR returned: Company , Vessel , IMO 
Row 287, Cropping y=2200
OCR returned: Company , Vessel , IMO 
Row 288, Cropping y=2275
OCR returned: Company , Vessel , IMO 
Opening vessel0004-231.jpg
Row 289, Cropping y=550
OCR returned: Company , Vessel , IMO 
Row 290, Cropping y=625
OCR returned: Company , Vessel , IMO 
Row 291, Cropping y=700
OCR returned: Company , Vessel , IMO 
Row 292, Cropping y=775
OCR returned: Company , Vessel , IMO 
Row 293, Cropping y=850
OCR returned: Company , Vessel , IMO 
Row 294, Cropping y=925
OCR returned: Company , Vessel , IMO 
Row 295, Cropping y=1000
OCR returned: Company , Vessel , IMO 
Row 296, Cropping y=1075
OCR returned: Company , Vessel , IMO 
Row 297, Cropping y=1150
OCR returned: Company , Vessel , IMO 
Row 298, Cropping y=1225
OCR returned: Company , Vessel , IMO 
Row 299, Cropping y=1300
OCR returned: Company , Vessel , IMO 
Row 300, Cropping y=1375
OCR returned: Company , Vessel , IMO 
Row 301, Cropping y=1450
OCR returned: Company , Vessel , IMO 
Row 302, Cropping y=1525
OCR returned: Company , Vessel , IMO 
Row 303, Cropping y=1600
OCR returned: Company , Vessel , IMO 
Row 304, Cropping y=1675
OCR returned: Company , Vessel , IMO 
Row 305, Cropping y=1750
OCR returned: Company , Vessel , IMO 
Row 306, Cropping y=1825
OCR returned: Company , Vessel , IMO 
Row 307, Cropping y=1900
OCR returned: Company , Vessel , IMO 
Row 308, Cropping y=1975
OCR returned: Company , Vessel , IMO 
Row 309, Cropping y=2050
OCR returned: Company , Vessel , IMO 
Row 310, Cropping y=2125
OCR returned: Company , Vessel , IMO 
Row 311, Cropping y=2200
OCR returned: Company , Vessel , IMO 
Row 312, Cropping y=2275
OCR returned: Company , Vessel , IMO 
Opening vessel0002-081.jpg
Row 313, Cropping y=550
OCR returned: Company , Vessel , IMO 
Row 314, Cropping y=625
OCR returned: Company , Vessel , IMO 
Row 315, Cropping y=700
OCR returned: Company , Vessel , IMO 
Row 316, Cropping y=775
OCR returned: Company , Vessel , IMO 
Row 317, Cropping y=850
OCR returned: Company , Vessel , IMO 
Row 318, Cropping y=925
OCR returned: Company , Vessel , IMO 
Row 319, Cropping y=1000
OCR returned: Company , Vessel , IMO 
Row 320, Cropping y=1075
OCR returned: Company , Vessel , IMO 
Row 321, Cropping y=1150
OCR returned: Company , Vessel , IMO 
Row 322, Cropping y=1225
OCR returned: Company , Vessel , IMO 
Row 323, Cropping y=1300
OCR returned: Company , Vessel , IMO 
Row 324, Cropping y=1375
OCR returned: Company , Vessel , IMO 
Row 325, Cropping y=1450
OCR returned: Company , Vessel , IMO 
Row 326, Cropping y=1525
OCR returned: Company , Vessel , IMO 
Row 327, Cropping y=1600
OCR returned: Company , Vessel , IMO 
Row 328, Cropping y=1675
OCR returned: Company , Vessel , IMO 
Row 329, Cropping y=1750
OCR returned: Company , Vessel , IMO 
Row 330, Cropping y=1825
OCR returned: Company , Vessel , IMO 
Row 331, Cropping y=1900
OCR returned: Company , Vessel , IMO 
Row 332, Cropping y=1975
OCR returned: Company , Vessel , IMO 
Row 333, Cropping y=2050
OCR returned: Company , Vessel , IMO 
Row 334, Cropping y=2125
OCR returned: Company , Vessel , IMO 
Row 335, Cropping y=2200
OCR returned: Company , Vessel , IMO 
Row 336, Cropping y=2275
OCR returned: Company , Vessel , IMO 
Opening vessel0002-106.jpg
Row 337, Cropping y=550
OCR returned: Company , Vessel , IMO 
Row 338, Cropping y=625
OCR returned: Company , Vessel , IMO 
Row 339, Cropping y=700
OCR returned: Company , Vessel , IMO 
Row 340, Cropping y=775
OCR returned: Company , Vessel , IMO 
Row 341, Cropping y=850
OCR returned: Company , Vessel , IMO 
Row 342, Cropping y=925
OCR returned: Company , Vessel , IMO 
Row 343, Cropping y=1000
OCR returned: Company , Vessel , IMO 
Row 344, Cropping y=1075
OCR returned: Company , Vessel , IMO 
Row 345, Cropping y=1150
OCR returned: Company , Vessel , IMO 
Row 346, Cropping y=1225
OCR returned: Company , Vessel , IMO 
Row 347, Cropping y=1300
OCR returned: Company , Vessel , IMO 
Row 348, Cropping y=1375
OCR returned: Company , Vessel , IMO 
Row 349, Cropping y=1450
OCR returned: Company , Vessel , IMO 
Row 350, Cropping y=1525
OCR returned: Company , Vessel , IMO 
Row 351, Cropping y=1600
OCR returned: Company , Vessel , IMO 
Row 352, Cropping y=1675
OCR returned: Company , Vessel , IMO 
Row 353, Cropping y=1750
OCR returned: Company , Vessel , IMO 
Row 354, Cropping y=1825
OCR returned: Company , Vessel , IMO 
Row 355, Cropping y=1900
OCR returned: Company , Vessel , IMO 
Row 356, Cropping y=1975
OCR returned: Company , Vessel , IMO 
Row 357, Cropping y=2050
OCR returned: Company , Vessel , IMO 
Row 358, Cropping y=2125
OCR returned: Company , Vessel , IMO 
Row 359, Cropping y=2200
OCR returned: Company , Vessel , IMO 
Row 360, Cropping y=2275
OCR returned: Company , Vessel , IMO 
Opening vessel0002-113.jpg
Row 361, Cropping y=550
OCR returned: Company , Vessel , IMO 
Row 362, Cropping y=625
OCR returned: Company , Vessel , IMO 
Row 363, Cropping y=700
OCR returned: Company , Vessel , IMO 
Row 364, Cropping y=775
OCR returned: Company , Vessel , IMO 
Row 365, Cropping y=850
OCR returned: Company , Vessel , IMO 
Row 366, Cropping y=925
OCR returned: Company , Vessel , IMO 
Row 367, Cropping y=1000
OCR returned: Company , Vessel , IMO 
Row 368, Cropping y=1075
OCR returned: Company , Vessel , IMO 
Row 369, Cropping y=1150
OCR returned: Company , Vessel , IMO 
Row 370, Cropping y=1225
OCR returned: Company , Vessel , IMO 
Row 371, Cropping y=1300
OCR returned: Company , Vessel , IMO 
Row 372, Cropping y=1375
OCR returned: Company , Vessel , IMO 
Row 373, Cropping y=1450
OCR returned: Company , Vessel , IMO 
Row 374, Cropping y=1525
OCR returned: Company , Vessel , IMO 
Row 375, Cropping y=1600
OCR returned: Company , Vessel , IMO 
Row 376, Cropping y=1675
OCR returned: Company , Vessel , IMO 
Row 377, Cropping y=1750
OCR returned: Company , Vessel , IMO 
Row 378, Cropping y=1825
OCR returned: Company , Vessel , IMO 
Row 379, Cropping y=1900
OCR returned: Company , Vessel , IMO 
Row 380, Cropping y=1975
OCR returned: Company , Vessel , IMO 
Row 381, Cropping y=2050
OCR returned: Company , Vessel , IMO 
Row 382, Cropping y=2125
OCR returned: Company , Vessel , IMO 
Row 383, Cropping y=2200
OCR returned: Company , Vessel , IMO 
Row 384, Cropping y=2275
OCR returned: Company , Vessel , IMO 
Opening vessel0002-104.jpg
Row 385, Cropping y=550
OCR returned: Company , Vessel , IMO 
Row 386, Cropping y=625
OCR returned: Company , Vessel , IMO 
Row 387, Cropping y=700
OCR returned: Company , Vessel , IMO 
Row 388, Cropping y=775
OCR returned: Company , Vessel , IMO 
Row 389, Cropping y=850
OCR returned: Company , Vessel , IMO 
Row 390, Cropping y=925
OCR returned: Company , Vessel , IMO 
Row 391, Cropping y=1000
OCR returned: Company , Vessel , IMO 
Row 392, Cropping y=1075
OCR returned: Company , Vessel , IMO 
Row 393, Cropping y=1150
OCR returned: Company , Vessel , IMO 
Row 394, Cropping y=1225
OCR returned: Company , Vessel , IMO 
Row 395, Cropping y=1300
OCR returned: Company , Vessel , IMO 
Row 396, Cropping y=1375
OCR returned: Company , Vessel , IMO 
Row 397, Cropping y=1450
OCR returned: Company , Vessel , IMO 
Row 398, Cropping y=1525
OCR returned: Company , Vessel , IMO 
Row 399, Cropping y=1600
OCR returned: Company , Vessel , IMO 
Row 400, Cropping y=1675
OCR returned: Company , Vessel , IMO 
Row 401, Cropping y=1750
OCR returned: Company , Vessel , IMO 
Row 402, Cropping y=1825
OCR returned: Company , Vessel , IMO 
Row 403, Cropping y=1900
OCR returned: Company , Vessel , IMO 
Row 404, Cropping y=1975
OCR returned: Company , Vessel , IMO 
Row 405, Cropping y=2050
OCR returned: Company , Vessel , IMO 
Row 406, Cropping y=2125
OCR returned: Company , Vessel , IMO 
Row 407, Cropping y=2200
OCR returned: Company , Vessel , IMO 
Row 408, Cropping y=2275
OCR returned: Company , Vessel , IMO 
Opening vessel0003-210.jpg
Row 409, Cropping y=550
OCR returned: Company , Vessel , IMO 
Row 410, Cropping y=625
OCR returned: Company , Vessel , IMO 
Row 411, Cropping y=700
OCR returned: Company , Vessel , IMO 
Row 412, Cropping y=775
OCR returned: Company , Vessel , IMO 
Row 413, Cropping y=850
OCR returned: Company , Vessel , IMO 
Row 414, Cropping y=925
OCR returned: Company , Vessel , IMO 
Row 415, Cropping y=1000
OCR returned: Company , Vessel , IMO 
Row 416, Cropping y=1075
OCR returned: Company , Vessel , IMO 
Row 417, Cropping y=1150
OCR returned: Company , Vessel , IMO 
Row 418, Cropping y=1225
OCR returned: Company , Vessel , IMO 
Row 419, Cropping y=1300
OCR returned: Company , Vessel , IMO 
Row 420, Cropping y=1375
OCR returned: Company , Vessel , IMO 
Row 421, Cropping y=1450
OCR returned: Company , Vessel , IMO 
Row 422, Cropping y=1525
OCR returned: Company , Vessel , IMO 
Row 423, Cropping y=1600
OCR returned: Company , Vessel , IMO 
Row 424, Cropping y=1675
OCR returned: Company , Vessel , IMO 
Row 425, Cropping y=1750
OCR returned: Company , Vessel , IMO 
Row 426, Cropping y=1825
OCR returned: Company , Vessel , IMO 
Row 427, Cropping y=1900
OCR returned: Company , Vessel , IMO 
Row 428, Cropping y=1975
OCR returned: Company , Vessel , IMO 
Row 429, Cropping y=2050
OCR returned: Company , Vessel , IMO 
Row 430, Cropping y=2125
OCR returned: Company , Vessel , IMO 
Row 431, Cropping y=2200
OCR returned: Company , Vessel , IMO 
Row 432, Cropping y=2275
OCR returned: Company , Vessel , IMO 
Opening vessel0004-285.jpg
Row 433, Cropping y=550
OCR returned: Company , Vessel , IMO 
Row 434, Cropping y=625
OCR returned: Company , Vessel , IMO 
Row 435, Cropping y=700
OCR returned: Company , Vessel , IMO 
Row 436, Cropping y=775
OCR returned: Company , Vessel , IMO 
Row 437, Cropping y=850
OCR returned: Company , Vessel , IMO 
Row 438, Cropping y=925
OCR returned: Company , Vessel , IMO 
Row 439, Cropping y=1000
OCR returned: Company , Vessel , IMO 
Row 440, Cropping y=1075
OCR returned: Company , Vessel , IMO 
Row 441, Cropping y=1150
OCR returned: Company , Vessel , IMO 
Row 442, Cropping y=1225
OCR returned: Company , Vessel , IMO 
Row 443, Cropping y=1300
OCR returned: Company , Vessel , IMO 
Row 444, Cropping y=1375
OCR returned: Company , Vessel , IMO 
Row 445, Cropping y=1450
OCR returned: Company , Vessel , IMO 
Row 446, Cropping y=1525
OCR returned: Company , Vessel , IMO 
Row 447, Cropping y=1600
OCR returned: Company , Vessel , IMO 
Row 448, Cropping y=1675
OCR returned: Company , Vessel , IMO 
Row 449, Cropping y=1750
OCR returned: Company , Vessel , IMO 
Row 450, Cropping y=1825
OCR returned: Company , Vessel , IMO 
Row 451, Cropping y=1900
OCR returned: Company , Vessel , IMO 
Row 452, Cropping y=1975
OCR returned: Company , Vessel , IMO 
Row 453, Cropping y=2050
OCR returned: Company , Vessel , IMO 
Row 454, Cropping y=2125
OCR returned: Company , Vessel , IMO 
Row 455, Cropping y=2200
OCR returned: Company , Vessel , IMO 
Row 456, Cropping y=2275
OCR returned: Company , Vessel , IMO 
Opening vessel0001-008.jpg
Row 457, Cropping y=550
OCR returned: Company , Vessel , IMO 
Row 458, Cropping y=625
OCR returned: Company , Vessel , IMO 
Row 459, Cropping y=700
OCR returned: Company , Vessel , IMO 
Row 460, Cropping y=775
OCR returned: Company , Vessel , IMO 
Row 461, Cropping y=850
OCR returned: Company , Vessel , IMO 
Row 462, Cropping y=925
OCR returned: Company , Vessel , IMO 
Row 463, Cropping y=1000
OCR returned: Company , Vessel , IMO 
Row 464, Cropping y=1075
OCR returned: Company , Vessel , IMO 
Row 465, Cropping y=1150
OCR returned: Company , Vessel , IMO 
Row 466, Cropping y=1225
OCR returned: Company , Vessel , IMO 
Row 467, Cropping y=1300
OCR returned: Company , Vessel , IMO 
Row 468, Cropping y=1375
OCR returned: Company , Vessel , IMO 
Row 469, Cropping y=1450
OCR returned: Company , Vessel , IMO 
Row 470, Cropping y=1525
OCR returned: Company , Vessel , IMO 
Row 471, Cropping y=1600
OCR returned: Company , Vessel , IMO 
Row 472, Cropping y=1675
OCR returned: Company , Vessel , IMO 
Row 473, Cropping y=1750
OCR returned: Company , Vessel , IMO 
Row 474, Cropping y=1825
OCR returned: Company , Vessel , IMO 
Row 475, Cropping y=1900
OCR returned: Company , Vessel , IMO 
Row 476, Cropping y=1975
OCR returned: Company , Vessel , IMO 
Row 477, Cropping y=2050
OCR returned: Company , Vessel , IMO 
Row 478, Cropping y=2125
OCR returned: Company , Vessel , IMO 
Row 479, Cropping y=2200
OCR returned: Company , Vessel , IMO 
Row 480, Cropping y=2275
OCR returned: Company , Vessel , IMO 
Opening vessel0003-204.jpg
Row 481, Cropping y=550
OCR returned: Company , Vessel , IMO 
Row 482, Cropping y=625
OCR returned: Company , Vessel , IMO 
Row 483, Cropping y=700
OCR returned: Company , Vessel , IMO 
Row 484, Cropping y=775
OCR returned: Company , Vessel , IMO 
Row 485, Cropping y=850
OCR returned: Company , Vessel , IMO 
Row 486, Cropping y=925
OCR returned: Company , Vessel , IMO 
Row 487, Cropping y=1000
OCR returned: Company , Vessel , IMO 
Row 488, Cropping y=1075
OCR returned: Company , Vessel , IMO 
Row 489, Cropping y=1150
OCR returned: Company , Vessel , IMO 
Row 490, Cropping y=1225
OCR returned: Company , Vessel , IMO 
Row 491, Cropping y=1300
OCR returned: Company , Vessel , IMO 
Row 492, Cropping y=1375
OCR returned: Company , Vessel , IMO 
Row 493, Cropping y=1450
OCR returned: Company , Vessel , IMO 
Row 494, Cropping y=1525
OCR returned: Company , Vessel , IMO 
Row 495, Cropping y=1600
OCR returned: Company , Vessel , IMO 
Row 496, Cropping y=1675
OCR returned: Company , Vessel , IMO 
Row 497, Cropping y=1750
OCR returned: Company , Vessel , IMO 
Row 498, Cropping y=1825
OCR returned: Company , Vessel , IMO 
Row 499, Cropping y=1900
OCR returned: Company , Vessel , IMO 
Row 500, Cropping y=1975
OCR returned: Company , Vessel , IMO 
Row 501, Cropping y=2050
OCR returned: Company , Vessel , IMO 
Row 502, Cropping y=2125
OCR returned: Company , Vessel , IMO 
Row 503, Cropping y=2200
OCR returned: Company , Vessel , IMO 
Row 504, Cropping y=2275
OCR returned: Company , Vessel , IMO 
Opening vessel0002-084.jpg
Row 505, Cropping y=550
OCR returned: Company , Vessel , IMO 
Row 506, Cropping y=625
OCR returned: Company , Vessel , IMO 
Row 507, Cropping y=700
OCR returned: Company , Vessel , IMO 
Row 508, Cropping y=775
OCR returned: Company , Vessel , IMO 
Row 509, Cropping y=850
OCR returned: Company , Vessel , IMO 
Row 510, Cropping y=925
OCR returned: Company , Vessel , IMO 
Row 511, Cropping y=1000
OCR returned: Company , Vessel , IMO 
Row 512, Cropping y=1075
OCR returned: Company , Vessel , IMO 
Row 513, Cropping y=1150
OCR returned: Company , Vessel , IMO 
Row 514, Cropping y=1225
OCR returned: Company , Vessel , IMO 
Row 515, Cropping y=1300
OCR returned: Company , Vessel , IMO 
Row 516, Cropping y=1375
OCR returned: Company , Vessel , IMO 
Row 517, Cropping y=1450
OCR returned: Company , Vessel , IMO 
Row 518, Cropping y=1525
OCR returned: Company , Vessel , IMO 
Row 519, Cropping y=1600
OCR returned: Company , Vessel , IMO 
Row 520, Cropping y=1675
OCR returned: Company , Vessel , IMO 
Row 521, Cropping y=1750
OCR returned: Company , Vessel , IMO 
Row 522, Cropping y=1825
OCR returned: Company , Vessel , IMO 
Row 523, Cropping y=1900
OCR returned: Company , Vessel , IMO 
Row 524, Cropping y=1975
OCR returned: Company , Vessel , IMO 
Row 525, Cropping y=2050
OCR returned: Company , Vessel , IMO 
Row 526, Cropping y=2125
OCR returned: Company , Vessel , IMO 
Row 527, Cropping y=2200
OCR returned: Company , Vessel , IMO 
Row 528, Cropping y=2275
OCR returned: Company , Vessel , IMO 
Opening vessel0001-044.jpg
Row 529, Cropping y=550
OCR returned: Company , Vessel , IMO 
Row 530, Cropping y=625
OCR returned: Company , Vessel , IMO 
Row 531, Cropping y=700
OCR returned: Company , Vessel , IMO 
Row 532, Cropping y=775
OCR returned: Company , Vessel , IMO 
Row 533, Cropping y=850
OCR returned: Company , Vessel , IMO 
Row 534, Cropping y=925
OCR returned: Company , Vessel , IMO 
Row 535, Cropping y=1000
OCR returned: Company , Vessel , IMO 
Row 536, Cropping y=1075
OCR returned: Company , Vessel , IMO 
Row 537, Cropping y=1150
OCR returned: Company , Vessel , IMO 
Row 538, Cropping y=1225
OCR returned: Company , Vessel , IMO 
Row 539, Cropping y=1300
OCR returned: Company , Vessel , IMO 
Row 540, Cropping y=1375
OCR returned: Company , Vessel , IMO 
Row 541, Cropping y=1450
OCR returned: Company , Vessel , IMO 
Row 542, Cropping y=1525
OCR returned: Company , Vessel , IMO 
Row 543, Cropping y=1600
OCR returned: Company , Vessel , IMO 
Row 544, Cropping y=1675
OCR returned: Company , Vessel , IMO 
Row 545, Cropping y=1750
OCR returned: Company , Vessel , IMO 
Row 546, Cropping y=1825
OCR returned: Company , Vessel , IMO 
Row 547, Cropping y=1900
OCR returned: Company , Vessel , IMO 
Row 548, Cropping y=1975
OCR returned: Company , Vessel , IMO 
Row 549, Cropping y=2050
OCR returned: Company , Vessel , IMO 
Row 550, Cropping y=2125
OCR returned: Company , Vessel , IMO 
Row 551, Cropping y=2200
OCR returned: Company , Vessel , IMO 
Row 552, Cropping y=2275
OCR returned: Company , Vessel , IMO 
Opening vessel0004-268.jpg
Row 553, Cropping y=550
OCR returned: Company , Vessel , IMO 
Row 554, Cropping y=625
OCR returned: Company , Vessel , IMO 
Row 555, Cropping y=700
OCR returned: Company , Vessel , IMO 
Row 556, Cropping y=775
OCR returned: Company , Vessel , IMO 
Row 557, Cropping y=850
OCR returned: Company , Vessel , IMO 
Row 558, Cropping y=925
OCR returned: Company , Vessel , IMO 
Row 559, Cropping y=1000
OCR returned: Company , Vessel , IMO 
Row 560, Cropping y=1075
OCR returned: Company , Vessel , IMO 
Row 561, Cropping y=1150
OCR returned: Company , Vessel , IMO 
Row 562, Cropping y=1225
OCR returned: Company , Vessel , IMO 
Row 563, Cropping y=1300
OCR returned: Company , Vessel , IMO 
Row 564, Cropping y=1375
OCR returned: Company , Vessel , IMO 
Row 565, Cropping y=1450
OCR returned: Company , Vessel , IMO 
Row 566, Cropping y=1525
OCR returned: Company , Vessel , IMO 
Row 567, Cropping y=1600
OCR returned: Company , Vessel , IMO 
Row 568, Cropping y=1675
OCR returned: Company , Vessel , IMO 
Row 569, Cropping y=1750
OCR returned: Company , Vessel , IMO 
Row 570, Cropping y=1825
OCR returned: Company , Vessel , IMO 
Row 571, Cropping y=1900
OCR returned: Company , Vessel , IMO 
Row 572, Cropping y=1975
OCR returned: Company , Vessel , IMO 
Row 573, Cropping y=2050
OCR returned: Company , Vessel , IMO 
Row 574, Cropping y=2125
OCR returned: Company , Vessel , IMO 
Row 575, Cropping y=2200
OCR returned: Company , Vessel , IMO 
Row 576, Cropping y=2275
OCR returned: Company , Vessel , IMO 
Opening vessel0003-199.jpg
Row 577, Cropping y=550
OCR returned: Company , Vessel , IMO 
Row 578, Cropping y=625
OCR returned: Company , Vessel , IMO 
Row 579, Cropping y=700
OCR returned: Company , Vessel , IMO 
Row 580, Cropping y=775
OCR returned: Company , Vessel , IMO 
Row 581, Cropping y=850
OCR returned: Company , Vessel , IMO 
Row 582, Cropping y=925
OCR returned: Company , Vessel , IMO 
Row 583, Cropping y=1000
OCR returned: Company , Vessel , IMO 
Row 584, Cropping y=1075
OCR returned: Company , Vessel , IMO 
Row 585, Cropping y=1150
OCR returned: Company , Vessel , IMO 
Row 586, Cropping y=1225
OCR returned: Company , Vessel , IMO 
Row 587, Cropping y=1300
OCR returned: Company , Vessel , IMO 
Row 588, Cropping y=1375
OCR returned: Company , Vessel , IMO 
Row 589, Cropping y=1450
OCR returned: Company , Vessel , IMO 
Row 590, Cropping y=1525
OCR returned: Company , Vessel , IMO 
Row 591, Cropping y=1600
OCR returned: Company , Vessel , IMO 
Row 592, Cropping y=1675
OCR returned: Company , Vessel , IMO 
Row 593, Cropping y=1750
OCR returned: Company , Vessel , IMO 
Row 594, Cropping y=1825
OCR returned: Company , Vessel , IMO 
Row 595, Cropping y=1900
OCR returned: Company , Vessel , IMO 
Row 596, Cropping y=1975
OCR returned: Company , Vessel , IMO 
Row 597, Cropping y=2050
OCR returned: Company , Vessel , IMO 
Row 598, Cropping y=2125
OCR returned: Company , Vessel , IMO 
Row 599, Cropping y=2200
OCR returned: Company , Vessel , IMO 
Row 600, Cropping y=2275
OCR returned: Company , Vessel , IMO 
Opening vessel0002-129.jpg
Row 601, Cropping y=550
OCR returned: Company , Vessel , IMO 
Row 602, Cropping y=625
OCR returned: Company , Vessel , IMO 
Row 603, Cropping y=700
OCR returned: Company , Vessel , IMO 
Row 604, Cropping y=775
OCR returned: Company , Vessel , IMO 
Row 605, Cropping y=850
OCR returned: Company , Vessel , IMO 
Row 606, Cropping y=925
OCR returned: Company , Vessel , IMO 
Row 607, Cropping y=1000
OCR returned: Company , Vessel , IMO 
Row 608, Cropping y=1075
